mode: set
github.com/rawagner/cluster-templates-operator/api/v1alpha1/clustertemplateinstance_webhook.go:34.83,39.2 2 1
github.com/rawagner/cluster-templates-operator/api/v1alpha1/clustertemplateinstance_webhook.go:49.58,59.16 5 0
github.com/rawagner/cluster-templates-operator/api/v1alpha1/clustertemplateinstance_webhook.go:63.2,64.34 2 0
github.com/rawagner/cluster-templates-operator/api/v1alpha1/clustertemplateinstance_webhook.go:70.2,70.22 1 0
github.com/rawagner/cluster-templates-operator/api/v1alpha1/clustertemplateinstance_webhook.go:74.2,76.53 2 0
github.com/rawagner/cluster-templates-operator/api/v1alpha1/clustertemplateinstance_webhook.go:80.2,80.12 1 0
github.com/rawagner/cluster-templates-operator/api/v1alpha1/clustertemplateinstance_webhook.go:59.16,61.3 1 0
github.com/rawagner/cluster-templates-operator/api/v1alpha1/clustertemplateinstance_webhook.go:64.34,65.50 1 0
github.com/rawagner/cluster-templates-operator/api/v1alpha1/clustertemplateinstance_webhook.go:65.50,67.4 1 0
github.com/rawagner/cluster-templates-operator/api/v1alpha1/clustertemplateinstance_webhook.go:70.22,72.3 1 0
github.com/rawagner/cluster-templates-operator/api/v1alpha1/clustertemplateinstance_webhook.go:76.53,78.3 1 0
github.com/rawagner/cluster-templates-operator/api/v1alpha1/clustertemplateinstance_webhook.go:84.76,89.2 2 0
github.com/rawagner/cluster-templates-operator/api/v1alpha1/clustertemplateinstance_webhook.go:92.58,97.2 2 0
github.com/rawagner/cluster-templates-operator/api/v1alpha1/clustertemplatequota_types.go:61.13,63.2 1 1
github.com/rawagner/cluster-templates-operator/api/v1alpha1/clustertemplatequota_webhook.go:34.80,39.2 2 1
github.com/rawagner/cluster-templates-operator/api/v1alpha1/clustertemplatequota_webhook.go:49.55,57.16 5 0
github.com/rawagner/cluster-templates-operator/api/v1alpha1/clustertemplatequota_webhook.go:61.2,62.43 2 0
github.com/rawagner/cluster-templates-operator/api/v1alpha1/clustertemplatequota_webhook.go:68.2,68.20 1 0
github.com/rawagner/cluster-templates-operator/api/v1alpha1/clustertemplatequota_webhook.go:73.2,73.12 1 0
github.com/rawagner/cluster-templates-operator/api/v1alpha1/clustertemplatequota_webhook.go:57.16,59.3 1 0
github.com/rawagner/cluster-templates-operator/api/v1alpha1/clustertemplatequota_webhook.go:62.43,63.30 1 0
github.com/rawagner/cluster-templates-operator/api/v1alpha1/clustertemplatequota_webhook.go:63.30,65.4 1 0
github.com/rawagner/cluster-templates-operator/api/v1alpha1/clustertemplatequota_webhook.go:68.20,70.3 1 0
github.com/rawagner/cluster-templates-operator/api/v1alpha1/clustertemplatequota_webhook.go:77.73,82.2 2 0
github.com/rawagner/cluster-templates-operator/api/v1alpha1/clustertemplatequota_webhook.go:85.55,90.2 2 0
github.com/rawagner/cluster-templates-operator/api/v1alpha1/zz_generated.deepcopy.go:30.57,33.2 2 0
github.com/rawagner/cluster-templates-operator/api/v1alpha1/zz_generated.deepcopy.go:36.50,37.15 1 0
github.com/rawagner/cluster-templates-operator/api/v1alpha1/zz_generated.deepcopy.go:40.2,42.12 3 0
github.com/rawagner/cluster-templates-operator/api/v1alpha1/zz_generated.deepcopy.go:37.15,39.3 1 0
github.com/rawagner/cluster-templates-operator/api/v1alpha1/zz_generated.deepcopy.go:46.69,48.30 2 0
github.com/rawagner/cluster-templates-operator/api/v1alpha1/zz_generated.deepcopy.go:48.30,51.3 2 0
github.com/rawagner/cluster-templates-operator/api/v1alpha1/zz_generated.deepcopy.go:55.62,56.15 1 0
github.com/rawagner/cluster-templates-operator/api/v1alpha1/zz_generated.deepcopy.go:59.2,61.12 3 0
github.com/rawagner/cluster-templates-operator/api/v1alpha1/zz_generated.deepcopy.go:56.15,58.3 1 0
github.com/rawagner/cluster-templates-operator/api/v1alpha1/zz_generated.deepcopy.go:65.63,71.2 5 0
github.com/rawagner/cluster-templates-operator/api/v1alpha1/zz_generated.deepcopy.go:74.56,75.15 1 0
github.com/rawagner/cluster-templates-operator/api/v1alpha1/zz_generated.deepcopy.go:78.2,80.12 3 0
github.com/rawagner/cluster-templates-operator/api/v1alpha1/zz_generated.deepcopy.go:75.15,77.3 1 0
github.com/rawagner/cluster-templates-operator/api/v1alpha1/zz_generated.deepcopy.go:84.60,85.34 1 0
github.com/rawagner/cluster-templates-operator/api/v1alpha1/zz_generated.deepcopy.go:88.2,88.12 1 0
github.com/rawagner/cluster-templates-operator/api/v1alpha1/zz_generated.deepcopy.go:85.34,87.3 1 0
github.com/rawagner/cluster-templates-operator/api/v1alpha1/zz_generated.deepcopy.go:92.79,98.2 5 0
github.com/rawagner/cluster-templates-operator/api/v1alpha1/zz_generated.deepcopy.go:101.72,102.15 1 0
github.com/rawagner/cluster-templates-operator/api/v1alpha1/zz_generated.deepcopy.go:105.2,107.12 3 0
github.com/rawagner/cluster-templates-operator/api/v1alpha1/zz_generated.deepcopy.go:102.15,104.3 1 0
github.com/rawagner/cluster-templates-operator/api/v1alpha1/zz_generated.deepcopy.go:111.68,112.34 1 0
github.com/rawagner/cluster-templates-operator/api/v1alpha1/zz_generated.deepcopy.go:115.2,115.12 1 0
github.com/rawagner/cluster-templates-operator/api/v1alpha1/zz_generated.deepcopy.go:112.34,114.3 1 0
github.com/rawagner/cluster-templates-operator/api/v1alpha1/zz_generated.deepcopy.go:119.87,123.21 4 0
github.com/rawagner/cluster-templates-operator/api/v1alpha1/zz_generated.deepcopy.go:123.21,126.22 3 0
github.com/rawagner/cluster-templates-operator/api/v1alpha1/zz_generated.deepcopy.go:126.22,128.4 1 0
github.com/rawagner/cluster-templates-operator/api/v1alpha1/zz_generated.deepcopy.go:133.80,134.15 1 0
github.com/rawagner/cluster-templates-operator/api/v1alpha1/zz_generated.deepcopy.go:137.2,139.12 3 0
github.com/rawagner/cluster-templates-operator/api/v1alpha1/zz_generated.deepcopy.go:134.15,136.3 1 0
github.com/rawagner/cluster-templates-operator/api/v1alpha1/zz_generated.deepcopy.go:143.72,144.34 1 0
github.com/rawagner/cluster-templates-operator/api/v1alpha1/zz_generated.deepcopy.go:147.2,147.12 1 0
github.com/rawagner/cluster-templates-operator/api/v1alpha1/zz_generated.deepcopy.go:144.34,146.3 1 0
github.com/rawagner/cluster-templates-operator/api/v1alpha1/zz_generated.deepcopy.go:151.87,153.22 2 0
github.com/rawagner/cluster-templates-operator/api/v1alpha1/zz_generated.deepcopy.go:153.22,157.3 3 0
github.com/rawagner/cluster-templates-operator/api/v1alpha1/zz_generated.deepcopy.go:161.80,162.15 1 0
github.com/rawagner/cluster-templates-operator/api/v1alpha1/zz_generated.deepcopy.go:165.2,167.12 3 0
github.com/rawagner/cluster-templates-operator/api/v1alpha1/zz_generated.deepcopy.go:162.15,164.3 1 0
github.com/rawagner/cluster-templates-operator/api/v1alpha1/zz_generated.deepcopy.go:171.91,173.28 2 0
github.com/rawagner/cluster-templates-operator/api/v1alpha1/zz_generated.deepcopy.go:173.28,176.22 3 0
github.com/rawagner/cluster-templates-operator/api/v1alpha1/zz_generated.deepcopy.go:176.22,178.4 1 0
github.com/rawagner/cluster-templates-operator/api/v1alpha1/zz_generated.deepcopy.go:183.84,184.15 1 0
github.com/rawagner/cluster-templates-operator/api/v1alpha1/zz_generated.deepcopy.go:187.2,189.12 3 0
github.com/rawagner/cluster-templates-operator/api/v1alpha1/zz_generated.deepcopy.go:184.15,186.3 1 0
github.com/rawagner/cluster-templates-operator/api/v1alpha1/zz_generated.deepcopy.go:193.71,197.21 4 0
github.com/rawagner/cluster-templates-operator/api/v1alpha1/zz_generated.deepcopy.go:197.21,200.22 3 0
github.com/rawagner/cluster-templates-operator/api/v1alpha1/zz_generated.deepcopy.go:200.22,202.4 1 0
github.com/rawagner/cluster-templates-operator/api/v1alpha1/zz_generated.deepcopy.go:207.64,208.15 1 0
github.com/rawagner/cluster-templates-operator/api/v1alpha1/zz_generated.deepcopy.go:211.2,213.12 3 0
github.com/rawagner/cluster-templates-operator/api/v1alpha1/zz_generated.deepcopy.go:208.15,210.3 1 0
github.com/rawagner/cluster-templates-operator/api/v1alpha1/zz_generated.deepcopy.go:217.64,218.34 1 0
github.com/rawagner/cluster-templates-operator/api/v1alpha1/zz_generated.deepcopy.go:221.2,221.12 1 0
github.com/rawagner/cluster-templates-operator/api/v1alpha1/zz_generated.deepcopy.go:218.34,220.3 1 0
github.com/rawagner/cluster-templates-operator/api/v1alpha1/zz_generated.deepcopy.go:225.73,231.2 5 0
github.com/rawagner/cluster-templates-operator/api/v1alpha1/zz_generated.deepcopy.go:234.66,235.15 1 0
github.com/rawagner/cluster-templates-operator/api/v1alpha1/zz_generated.deepcopy.go:238.2,240.12 3 0
github.com/rawagner/cluster-templates-operator/api/v1alpha1/zz_generated.deepcopy.go:235.15,237.3 1 0
github.com/rawagner/cluster-templates-operator/api/v1alpha1/zz_generated.deepcopy.go:244.65,245.34 1 0
github.com/rawagner/cluster-templates-operator/api/v1alpha1/zz_generated.deepcopy.go:248.2,248.12 1 0
github.com/rawagner/cluster-templates-operator/api/v1alpha1/zz_generated.deepcopy.go:245.34,247.3 1 0
github.com/rawagner/cluster-templates-operator/api/v1alpha1/zz_generated.deepcopy.go:252.81,256.21 4 0
github.com/rawagner/cluster-templates-operator/api/v1alpha1/zz_generated.deepcopy.go:256.21,259.22 3 0
github.com/rawagner/cluster-templates-operator/api/v1alpha1/zz_generated.deepcopy.go:259.22,261.4 1 0
github.com/rawagner/cluster-templates-operator/api/v1alpha1/zz_generated.deepcopy.go:266.74,267.15 1 0
github.com/rawagner/cluster-templates-operator/api/v1alpha1/zz_generated.deepcopy.go:270.2,272.12 3 0
github.com/rawagner/cluster-templates-operator/api/v1alpha1/zz_generated.deepcopy.go:267.15,269.3 1 0
github.com/rawagner/cluster-templates-operator/api/v1alpha1/zz_generated.deepcopy.go:276.69,277.34 1 0
github.com/rawagner/cluster-templates-operator/api/v1alpha1/zz_generated.deepcopy.go:280.2,280.12 1 0
github.com/rawagner/cluster-templates-operator/api/v1alpha1/zz_generated.deepcopy.go:277.34,279.3 1 0
github.com/rawagner/cluster-templates-operator/api/v1alpha1/zz_generated.deepcopy.go:284.81,286.2 1 0
github.com/rawagner/cluster-templates-operator/api/v1alpha1/zz_generated.deepcopy.go:289.74,290.15 1 0
github.com/rawagner/cluster-templates-operator/api/v1alpha1/zz_generated.deepcopy.go:293.2,295.12 3 0
github.com/rawagner/cluster-templates-operator/api/v1alpha1/zz_generated.deepcopy.go:290.15,292.3 1 0
github.com/rawagner/cluster-templates-operator/api/v1alpha1/zz_generated.deepcopy.go:299.85,301.2 1 0
github.com/rawagner/cluster-templates-operator/api/v1alpha1/zz_generated.deepcopy.go:304.78,305.15 1 0
github.com/rawagner/cluster-templates-operator/api/v1alpha1/zz_generated.deepcopy.go:308.2,310.12 3 0
github.com/rawagner/cluster-templates-operator/api/v1alpha1/zz_generated.deepcopy.go:305.15,307.3 1 0
github.com/rawagner/cluster-templates-operator/api/v1alpha1/zz_generated.deepcopy.go:314.71,316.28 2 0
github.com/rawagner/cluster-templates-operator/api/v1alpha1/zz_generated.deepcopy.go:316.28,319.22 3 0
github.com/rawagner/cluster-templates-operator/api/v1alpha1/zz_generated.deepcopy.go:319.22,321.4 1 0
github.com/rawagner/cluster-templates-operator/api/v1alpha1/zz_generated.deepcopy.go:326.64,327.15 1 0
github.com/rawagner/cluster-templates-operator/api/v1alpha1/zz_generated.deepcopy.go:330.2,332.12 3 0
github.com/rawagner/cluster-templates-operator/api/v1alpha1/zz_generated.deepcopy.go:327.15,329.3 1 0
github.com/rawagner/cluster-templates-operator/api/v1alpha1/zz_generated.deepcopy.go:336.75,338.2 1 0
github.com/rawagner/cluster-templates-operator/api/v1alpha1/zz_generated.deepcopy.go:341.68,342.15 1 0
github.com/rawagner/cluster-templates-operator/api/v1alpha1/zz_generated.deepcopy.go:345.2,347.12 3 0
github.com/rawagner/cluster-templates-operator/api/v1alpha1/zz_generated.deepcopy.go:342.15,344.3 1 0
github.com/rawagner/cluster-templates-operator/api/v1alpha1/clustertemplate_types.go:70.13,72.2 1 1
github.com/rawagner/cluster-templates-operator/api/v1alpha1/clustertemplateinstance_types.go:81.13,83.2 1 1
github.com/rawagner/cluster-templates-operator/controllers/clustertemplateinstance_controller.go:66.115,70.16 4 0
github.com/rawagner/cluster-templates-operator/controllers/clustertemplateinstance_controller.go:78.2,78.59 1 0
github.com/rawagner/cluster-templates-operator/controllers/clustertemplateinstance_controller.go:95.2,95.98 1 0
github.com/rawagner/cluster-templates-operator/controllers/clustertemplateinstance_controller.go:103.2,104.123 2 0
github.com/rawagner/cluster-templates-operator/controllers/clustertemplateinstance_controller.go:108.2,108.96 1 0
github.com/rawagner/cluster-templates-operator/controllers/clustertemplateinstance_controller.go:112.2,118.16 3 0
github.com/rawagner/cluster-templates-operator/controllers/clustertemplateinstance_controller.go:122.2,124.16 2 0
github.com/rawagner/cluster-templates-operator/controllers/clustertemplateinstance_controller.go:127.2,127.73 1 0
github.com/rawagner/cluster-templates-operator/controllers/clustertemplateinstance_controller.go:70.16,71.32 1 0
github.com/rawagner/cluster-templates-operator/controllers/clustertemplateinstance_controller.go:75.3,75.108 1 0
github.com/rawagner/cluster-templates-operator/controllers/clustertemplateinstance_controller.go:71.32,74.4 2 0
github.com/rawagner/cluster-templates-operator/controllers/clustertemplateinstance_controller.go:78.59,79.98 1 0
github.com/rawagner/cluster-templates-operator/controllers/clustertemplateinstance_controller.go:91.3,92.28 2 0
github.com/rawagner/cluster-templates-operator/controllers/clustertemplateinstance_controller.go:79.98,81.18 2 0
github.com/rawagner/cluster-templates-operator/controllers/clustertemplateinstance_controller.go:85.4,87.18 3 0
github.com/rawagner/cluster-templates-operator/controllers/clustertemplateinstance_controller.go:81.18,83.5 1 0
github.com/rawagner/cluster-templates-operator/controllers/clustertemplateinstance_controller.go:87.18,89.5 1 0
github.com/rawagner/cluster-templates-operator/controllers/clustertemplateinstance_controller.go:95.98,98.17 3 0
github.com/rawagner/cluster-templates-operator/controllers/clustertemplateinstance_controller.go:98.17,100.4 1 0
github.com/rawagner/cluster-templates-operator/controllers/clustertemplateinstance_controller.go:104.123,106.3 1 0
github.com/rawagner/cluster-templates-operator/controllers/clustertemplateinstance_controller.go:108.96,110.3 1 0
github.com/rawagner/cluster-templates-operator/controllers/clustertemplateinstance_controller.go:118.16,120.3 1 0
github.com/rawagner/cluster-templates-operator/controllers/clustertemplateinstance_controller.go:124.16,126.3 1 0
github.com/rawagner/cluster-templates-operator/controllers/clustertemplateinstance_controller.go:134.9,135.45 1 0
github.com/rawagner/cluster-templates-operator/controllers/clustertemplateinstance_controller.go:156.2,156.12 1 0
github.com/rawagner/cluster-templates-operator/controllers/clustertemplateinstance_controller.go:135.45,140.17 5 0
github.com/rawagner/cluster-templates-operator/controllers/clustertemplateinstance_controller.go:144.3,152.17 4 0
github.com/rawagner/cluster-templates-operator/controllers/clustertemplateinstance_controller.go:140.17,142.4 1 0
github.com/rawagner/cluster-templates-operator/controllers/clustertemplateinstance_controller.go:152.17,154.4 1 0
github.com/rawagner/cluster-templates-operator/controllers/clustertemplateinstance_controller.go:164.19,168.16 3 0
github.com/rawagner/cluster-templates-operator/controllers/clustertemplateinstance_controller.go:171.2,178.36 5 0
github.com/rawagner/cluster-templates-operator/controllers/clustertemplateinstance_controller.go:218.2,218.35 1 0
github.com/rawagner/cluster-templates-operator/controllers/clustertemplateinstance_controller.go:168.16,170.3 1 0
github.com/rawagner/cluster-templates-operator/controllers/clustertemplateinstance_controller.go:178.36,181.17 3 0
github.com/rawagner/cluster-templates-operator/controllers/clustertemplateinstance_controller.go:184.3,184.41 1 0
github.com/rawagner/cluster-templates-operator/controllers/clustertemplateinstance_controller.go:181.17,183.4 1 0
github.com/rawagner/cluster-templates-operator/controllers/clustertemplateinstance_controller.go:184.41,188.18 4 0
github.com/rawagner/cluster-templates-operator/controllers/clustertemplateinstance_controller.go:192.4,198.18 3 0
github.com/rawagner/cluster-templates-operator/controllers/clustertemplateinstance_controller.go:188.18,190.5 1 0
github.com/rawagner/cluster-templates-operator/controllers/clustertemplateinstance_controller.go:198.18,200.5 1 0
github.com/rawagner/cluster-templates-operator/controllers/clustertemplateinstance_controller.go:200.10,208.19 3 0
github.com/rawagner/cluster-templates-operator/controllers/clustertemplateinstance_controller.go:208.19,210.6 1 0
github.com/rawagner/cluster-templates-operator/controllers/clustertemplateinstance_controller.go:210.11,214.6 3 0
github.com/rawagner/cluster-templates-operator/controllers/clustertemplateinstance_controller.go:228.17,229.44 1 0
github.com/rawagner/cluster-templates-operator/controllers/clustertemplateinstance_controller.go:233.2,233.36 1 0
github.com/rawagner/cluster-templates-operator/controllers/clustertemplateinstance_controller.go:243.2,250.16 6 0
github.com/rawagner/cluster-templates-operator/controllers/clustertemplateinstance_controller.go:253.2,254.49 2 0
github.com/rawagner/cluster-templates-operator/controllers/clustertemplateinstance_controller.go:279.2,280.53 2 0
github.com/rawagner/cluster-templates-operator/controllers/clustertemplateinstance_controller.go:283.2,283.28 1 0
github.com/rawagner/cluster-templates-operator/controllers/clustertemplateinstance_controller.go:229.44,232.3 2 0
github.com/rawagner/cluster-templates-operator/controllers/clustertemplateinstance_controller.go:233.36,236.17 3 0
github.com/rawagner/cluster-templates-operator/controllers/clustertemplateinstance_controller.go:239.3,240.19 2 0
github.com/rawagner/cluster-templates-operator/controllers/clustertemplateinstance_controller.go:236.17,238.4 1 0
github.com/rawagner/cluster-templates-operator/controllers/clustertemplateinstance_controller.go:250.16,252.3 1 0
github.com/rawagner/cluster-templates-operator/controllers/clustertemplateinstance_controller.go:254.49,257.22 3 0
github.com/rawagner/cluster-templates-operator/controllers/clustertemplateinstance_controller.go:257.22,263.49 5 0
github.com/rawagner/cluster-templates-operator/controllers/clustertemplateinstance_controller.go:271.4,276.72 5 0
github.com/rawagner/cluster-templates-operator/controllers/clustertemplateinstance_controller.go:263.49,264.61 1 0
github.com/rawagner/cluster-templates-operator/controllers/clustertemplateinstance_controller.go:264.61,268.6 3 0
github.com/rawagner/cluster-templates-operator/controllers/clustertemplateinstance_controller.go:280.53,282.3 1 0
github.com/rawagner/cluster-templates-operator/controllers/clustertemplateinstance_controller.go:291.24,296.16 3 0
github.com/rawagner/cluster-templates-operator/controllers/clustertemplateinstance_controller.go:299.2,299.75 1 0
github.com/rawagner/cluster-templates-operator/controllers/clustertemplateinstance_controller.go:296.16,298.3 1 0
github.com/rawagner/cluster-templates-operator/controllers/clustertemplateinstance_controller.go:303.86,307.2 1 0
github.com/rawagner/cluster-templates-operator/controllers/clustertemplatequota_controller.go:50.112,53.16 3 0
github.com/rawagner/cluster-templates-operator/controllers/clustertemplatequota_controller.go:59.2,68.61 5 0
github.com/rawagner/cluster-templates-operator/controllers/clustertemplatequota_controller.go:74.2,80.16 3 0
github.com/rawagner/cluster-templates-operator/controllers/clustertemplatequota_controller.go:84.2,84.27 1 0
github.com/rawagner/cluster-templates-operator/controllers/clustertemplatequota_controller.go:53.16,55.3 1 0
github.com/rawagner/cluster-templates-operator/controllers/clustertemplatequota_controller.go:68.61,69.114 1 0
github.com/rawagner/cluster-templates-operator/controllers/clustertemplatequota_controller.go:69.114,71.4 1 0
github.com/rawagner/cluster-templates-operator/controllers/clustertemplatequota_controller.go:80.16,82.3 1 0
github.com/rawagner/cluster-templates-operator/controllers/clustertemplatequota_controller.go:88.83,90.73 1 0
github.com/rawagner/cluster-templates-operator/controllers/clustertemplatequota_controller.go:113.2,118.14 1 0
github.com/rawagner/cluster-templates-operator/controllers/clustertemplatequota_controller.go:90.73,97.75 3 0
github.com/rawagner/cluster-templates-operator/controllers/clustertemplatequota_controller.go:101.3,102.38 2 0
github.com/rawagner/cluster-templates-operator/controllers/clustertemplatequota_controller.go:110.3,110.15 1 0
github.com/rawagner/cluster-templates-operator/controllers/clustertemplatequota_controller.go:97.75,99.4 1 0
github.com/rawagner/cluster-templates-operator/controllers/clustertemplatequota_controller.go:102.38,103.50 1 0
github.com/rawagner/cluster-templates-operator/controllers/clustertemplatequota_controller.go:103.50,108.5 1 0
