mode: set
github.com/rawagner/cluster-templates-operator/api/v1alpha1/zz_generated.deepcopy.go:30.63,36.2 5 0
github.com/rawagner/cluster-templates-operator/api/v1alpha1/zz_generated.deepcopy.go:39.56,40.15 1 0
github.com/rawagner/cluster-templates-operator/api/v1alpha1/zz_generated.deepcopy.go:43.2,45.12 3 0
github.com/rawagner/cluster-templates-operator/api/v1alpha1/zz_generated.deepcopy.go:40.15,42.3 1 0
github.com/rawagner/cluster-templates-operator/api/v1alpha1/zz_generated.deepcopy.go:49.60,50.34 1 0
github.com/rawagner/cluster-templates-operator/api/v1alpha1/zz_generated.deepcopy.go:53.2,53.12 1 0
github.com/rawagner/cluster-templates-operator/api/v1alpha1/zz_generated.deepcopy.go:50.34,52.3 1 0
github.com/rawagner/cluster-templates-operator/api/v1alpha1/zz_generated.deepcopy.go:57.79,63.2 5 0
github.com/rawagner/cluster-templates-operator/api/v1alpha1/zz_generated.deepcopy.go:66.72,67.15 1 0
github.com/rawagner/cluster-templates-operator/api/v1alpha1/zz_generated.deepcopy.go:70.2,72.12 3 0
github.com/rawagner/cluster-templates-operator/api/v1alpha1/zz_generated.deepcopy.go:67.15,69.3 1 0
github.com/rawagner/cluster-templates-operator/api/v1alpha1/zz_generated.deepcopy.go:76.68,77.34 1 0
github.com/rawagner/cluster-templates-operator/api/v1alpha1/zz_generated.deepcopy.go:80.2,80.12 1 0
github.com/rawagner/cluster-templates-operator/api/v1alpha1/zz_generated.deepcopy.go:77.34,79.3 1 0
github.com/rawagner/cluster-templates-operator/api/v1alpha1/zz_generated.deepcopy.go:84.87,88.21 4 0
github.com/rawagner/cluster-templates-operator/api/v1alpha1/zz_generated.deepcopy.go:88.21,91.22 3 0
github.com/rawagner/cluster-templates-operator/api/v1alpha1/zz_generated.deepcopy.go:91.22,93.4 1 0
github.com/rawagner/cluster-templates-operator/api/v1alpha1/zz_generated.deepcopy.go:98.80,99.15 1 0
github.com/rawagner/cluster-templates-operator/api/v1alpha1/zz_generated.deepcopy.go:102.2,104.12 3 0
github.com/rawagner/cluster-templates-operator/api/v1alpha1/zz_generated.deepcopy.go:99.15,101.3 1 0
github.com/rawagner/cluster-templates-operator/api/v1alpha1/zz_generated.deepcopy.go:108.72,109.34 1 0
github.com/rawagner/cluster-templates-operator/api/v1alpha1/zz_generated.deepcopy.go:112.2,112.12 1 0
github.com/rawagner/cluster-templates-operator/api/v1alpha1/zz_generated.deepcopy.go:109.34,111.3 1 0
github.com/rawagner/cluster-templates-operator/api/v1alpha1/zz_generated.deepcopy.go:116.87,118.22 2 0
github.com/rawagner/cluster-templates-operator/api/v1alpha1/zz_generated.deepcopy.go:118.22,122.3 3 0
github.com/rawagner/cluster-templates-operator/api/v1alpha1/zz_generated.deepcopy.go:126.80,127.15 1 0
github.com/rawagner/cluster-templates-operator/api/v1alpha1/zz_generated.deepcopy.go:130.2,132.12 3 0
github.com/rawagner/cluster-templates-operator/api/v1alpha1/zz_generated.deepcopy.go:127.15,129.3 1 0
github.com/rawagner/cluster-templates-operator/api/v1alpha1/zz_generated.deepcopy.go:136.91,138.2 1 0
github.com/rawagner/cluster-templates-operator/api/v1alpha1/zz_generated.deepcopy.go:141.84,142.15 1 0
github.com/rawagner/cluster-templates-operator/api/v1alpha1/zz_generated.deepcopy.go:145.2,147.12 3 0
github.com/rawagner/cluster-templates-operator/api/v1alpha1/zz_generated.deepcopy.go:142.15,144.3 1 0
github.com/rawagner/cluster-templates-operator/api/v1alpha1/zz_generated.deepcopy.go:151.71,155.21 4 0
github.com/rawagner/cluster-templates-operator/api/v1alpha1/zz_generated.deepcopy.go:155.21,158.22 3 0
github.com/rawagner/cluster-templates-operator/api/v1alpha1/zz_generated.deepcopy.go:158.22,160.4 1 0
github.com/rawagner/cluster-templates-operator/api/v1alpha1/zz_generated.deepcopy.go:165.64,166.15 1 0
github.com/rawagner/cluster-templates-operator/api/v1alpha1/zz_generated.deepcopy.go:169.2,171.12 3 0
github.com/rawagner/cluster-templates-operator/api/v1alpha1/zz_generated.deepcopy.go:166.15,168.3 1 0
github.com/rawagner/cluster-templates-operator/api/v1alpha1/zz_generated.deepcopy.go:175.64,176.34 1 0
github.com/rawagner/cluster-templates-operator/api/v1alpha1/zz_generated.deepcopy.go:179.2,179.12 1 0
github.com/rawagner/cluster-templates-operator/api/v1alpha1/zz_generated.deepcopy.go:176.34,178.3 1 0
github.com/rawagner/cluster-templates-operator/api/v1alpha1/zz_generated.deepcopy.go:183.73,189.2 5 0
github.com/rawagner/cluster-templates-operator/api/v1alpha1/zz_generated.deepcopy.go:192.66,193.15 1 0
github.com/rawagner/cluster-templates-operator/api/v1alpha1/zz_generated.deepcopy.go:196.2,198.12 3 0
github.com/rawagner/cluster-templates-operator/api/v1alpha1/zz_generated.deepcopy.go:193.15,195.3 1 0
github.com/rawagner/cluster-templates-operator/api/v1alpha1/zz_generated.deepcopy.go:202.65,203.34 1 0
github.com/rawagner/cluster-templates-operator/api/v1alpha1/zz_generated.deepcopy.go:206.2,206.12 1 0
github.com/rawagner/cluster-templates-operator/api/v1alpha1/zz_generated.deepcopy.go:203.34,205.3 1 0
github.com/rawagner/cluster-templates-operator/api/v1alpha1/zz_generated.deepcopy.go:210.81,214.21 4 0
github.com/rawagner/cluster-templates-operator/api/v1alpha1/zz_generated.deepcopy.go:214.21,217.22 3 0
github.com/rawagner/cluster-templates-operator/api/v1alpha1/zz_generated.deepcopy.go:217.22,219.4 1 0
github.com/rawagner/cluster-templates-operator/api/v1alpha1/zz_generated.deepcopy.go:224.74,225.15 1 0
github.com/rawagner/cluster-templates-operator/api/v1alpha1/zz_generated.deepcopy.go:228.2,230.12 3 0
github.com/rawagner/cluster-templates-operator/api/v1alpha1/zz_generated.deepcopy.go:225.15,227.3 1 0
github.com/rawagner/cluster-templates-operator/api/v1alpha1/zz_generated.deepcopy.go:234.69,235.34 1 0
github.com/rawagner/cluster-templates-operator/api/v1alpha1/zz_generated.deepcopy.go:238.2,238.12 1 0
github.com/rawagner/cluster-templates-operator/api/v1alpha1/zz_generated.deepcopy.go:235.34,237.3 1 0
github.com/rawagner/cluster-templates-operator/api/v1alpha1/zz_generated.deepcopy.go:242.81,244.2 1 0
github.com/rawagner/cluster-templates-operator/api/v1alpha1/zz_generated.deepcopy.go:247.74,248.15 1 0
github.com/rawagner/cluster-templates-operator/api/v1alpha1/zz_generated.deepcopy.go:251.2,253.12 3 0
github.com/rawagner/cluster-templates-operator/api/v1alpha1/zz_generated.deepcopy.go:248.15,250.3 1 0
github.com/rawagner/cluster-templates-operator/api/v1alpha1/zz_generated.deepcopy.go:257.85,259.2 1 0
github.com/rawagner/cluster-templates-operator/api/v1alpha1/zz_generated.deepcopy.go:262.78,263.15 1 0
github.com/rawagner/cluster-templates-operator/api/v1alpha1/zz_generated.deepcopy.go:266.2,268.12 3 0
github.com/rawagner/cluster-templates-operator/api/v1alpha1/zz_generated.deepcopy.go:263.15,265.3 1 0
github.com/rawagner/cluster-templates-operator/api/v1alpha1/zz_generated.deepcopy.go:272.71,274.2 1 0
github.com/rawagner/cluster-templates-operator/api/v1alpha1/zz_generated.deepcopy.go:277.64,278.15 1 0
github.com/rawagner/cluster-templates-operator/api/v1alpha1/zz_generated.deepcopy.go:281.2,283.12 3 0
github.com/rawagner/cluster-templates-operator/api/v1alpha1/zz_generated.deepcopy.go:278.15,280.3 1 0
github.com/rawagner/cluster-templates-operator/api/v1alpha1/zz_generated.deepcopy.go:287.75,289.2 1 0
github.com/rawagner/cluster-templates-operator/api/v1alpha1/zz_generated.deepcopy.go:292.68,293.15 1 0
github.com/rawagner/cluster-templates-operator/api/v1alpha1/zz_generated.deepcopy.go:296.2,298.12 3 0
github.com/rawagner/cluster-templates-operator/api/v1alpha1/zz_generated.deepcopy.go:293.15,295.3 1 0
github.com/rawagner/cluster-templates-operator/api/v1alpha1/clustertemplate_types.go:63.13,65.2 1 1
github.com/rawagner/cluster-templates-operator/api/v1alpha1/clustertemplateinstance_types.go:70.13,72.2 1 1
github.com/rawagner/cluster-templates-operator/api/v1alpha1/clustertemplateinstance_webhook.go:35.83,40.2 2 1
github.com/rawagner/cluster-templates-operator/api/v1alpha1/clustertemplateinstance_webhook.go:49.45,53.2 1 0
github.com/rawagner/cluster-templates-operator/api/v1alpha1/clustertemplateinstance_webhook.go:61.58,71.16 5 0
github.com/rawagner/cluster-templates-operator/api/v1alpha1/clustertemplateinstance_webhook.go:75.2,77.53 2 0
github.com/rawagner/cluster-templates-operator/api/v1alpha1/clustertemplateinstance_webhook.go:81.2,81.12 1 0
github.com/rawagner/cluster-templates-operator/api/v1alpha1/clustertemplateinstance_webhook.go:71.16,73.3 1 0
github.com/rawagner/cluster-templates-operator/api/v1alpha1/clustertemplateinstance_webhook.go:77.53,79.3 1 0
github.com/rawagner/cluster-templates-operator/api/v1alpha1/clustertemplateinstance_webhook.go:85.76,90.2 2 0
github.com/rawagner/cluster-templates-operator/api/v1alpha1/clustertemplateinstance_webhook.go:93.58,98.2 2 0
github.com/rawagner/cluster-templates-operator/api/v1alpha1/clustertemplatequota_types.go:61.13,63.2 1 1
github.com/rawagner/cluster-templates-operator/api/v1alpha1/clustertemplatequota_webhook.go:31.80,35.2 1 1
github.com/rawagner/cluster-templates-operator/api/v1alpha1/clustertemplatequota_webhook.go:44.42,48.2 1 0
github.com/rawagner/cluster-templates-operator/api/v1alpha1/clustertemplatequota_webhook.go:56.55,60.42 3 0
github.com/rawagner/cluster-templates-operator/api/v1alpha1/clustertemplatequota_webhook.go:67.2,67.17 1 0
github.com/rawagner/cluster-templates-operator/api/v1alpha1/clustertemplatequota_webhook.go:72.2,72.12 1 0
github.com/rawagner/cluster-templates-operator/api/v1alpha1/clustertemplatequota_webhook.go:60.42,61.72 1 0
github.com/rawagner/cluster-templates-operator/api/v1alpha1/clustertemplatequota_webhook.go:61.72,63.9 2 0
github.com/rawagner/cluster-templates-operator/api/v1alpha1/clustertemplatequota_webhook.go:67.17,69.3 1 0
github.com/rawagner/cluster-templates-operator/api/v1alpha1/clustertemplatequota_webhook.go:76.73,81.2 2 0
github.com/rawagner/cluster-templates-operator/api/v1alpha1/clustertemplatequota_webhook.go:84.55,89.2 2 0
github.com/rawagner/cluster-templates-operator/controllers/clustertemplatequota_controller.go:51.112,54.16 3 0
github.com/rawagner/cluster-templates-operator/controllers/clustertemplatequota_controller.go:60.2,69.61 5 0
github.com/rawagner/cluster-templates-operator/controllers/clustertemplatequota_controller.go:75.2,82.16 4 0
github.com/rawagner/cluster-templates-operator/controllers/clustertemplatequota_controller.go:86.2,86.27 1 0
github.com/rawagner/cluster-templates-operator/controllers/clustertemplatequota_controller.go:54.16,56.3 1 0
github.com/rawagner/cluster-templates-operator/controllers/clustertemplatequota_controller.go:69.61,70.114 1 0
github.com/rawagner/cluster-templates-operator/controllers/clustertemplatequota_controller.go:70.114,72.4 1 0
github.com/rawagner/cluster-templates-operator/controllers/clustertemplatequota_controller.go:82.16,84.3 1 0
github.com/rawagner/cluster-templates-operator/controllers/clustertemplatequota_controller.go:90.83,92.73 1 0
github.com/rawagner/cluster-templates-operator/controllers/clustertemplatequota_controller.go:115.2,120.14 1 0
github.com/rawagner/cluster-templates-operator/controllers/clustertemplatequota_controller.go:92.73,99.75 3 0
github.com/rawagner/cluster-templates-operator/controllers/clustertemplatequota_controller.go:103.3,104.38 2 0
github.com/rawagner/cluster-templates-operator/controllers/clustertemplatequota_controller.go:112.3,112.15 1 0
github.com/rawagner/cluster-templates-operator/controllers/clustertemplatequota_controller.go:99.75,101.4 1 0
github.com/rawagner/cluster-templates-operator/controllers/clustertemplatequota_controller.go:104.38,105.50 1 0
github.com/rawagner/cluster-templates-operator/controllers/clustertemplatequota_controller.go:105.50,110.5 1 0
github.com/rawagner/cluster-templates-operator/controllers/clustertemplate_controller.go:49.107,55.2 2 0
github.com/rawagner/cluster-templates-operator/controllers/clustertemplate_controller.go:58.78,62.2 1 0
github.com/rawagner/cluster-templates-operator/controllers/clustertemplateinstance_controller.go:59.115,62.16 3 0
github.com/rawagner/cluster-templates-operator/controllers/clustertemplateinstance_controller.go:66.2,66.59 1 0
github.com/rawagner/cluster-templates-operator/controllers/clustertemplateinstance_controller.go:82.2,82.98 1 0
github.com/rawagner/cluster-templates-operator/controllers/clustertemplateinstance_controller.go:90.2,90.45 1 0
github.com/rawagner/cluster-templates-operator/controllers/clustertemplateinstance_controller.go:127.2,134.16 4 0
github.com/rawagner/cluster-templates-operator/controllers/clustertemplateinstance_controller.go:137.2,141.36 3 0
github.com/rawagner/cluster-templates-operator/controllers/clustertemplateinstance_controller.go:183.2,187.16 3 0
github.com/rawagner/cluster-templates-operator/controllers/clustertemplateinstance_controller.go:191.2,193.43 2 0
github.com/rawagner/cluster-templates-operator/controllers/clustertemplateinstance_controller.go:62.16,64.3 1 0
github.com/rawagner/cluster-templates-operator/controllers/clustertemplateinstance_controller.go:66.59,67.98 1 0
github.com/rawagner/cluster-templates-operator/controllers/clustertemplateinstance_controller.go:79.3,79.28 1 0
github.com/rawagner/cluster-templates-operator/controllers/clustertemplateinstance_controller.go:67.98,69.18 2 0
github.com/rawagner/cluster-templates-operator/controllers/clustertemplateinstance_controller.go:73.4,75.18 3 0
github.com/rawagner/cluster-templates-operator/controllers/clustertemplateinstance_controller.go:69.18,71.5 1 0
github.com/rawagner/cluster-templates-operator/controllers/clustertemplateinstance_controller.go:75.18,77.5 1 0
github.com/rawagner/cluster-templates-operator/controllers/clustertemplateinstance_controller.go:82.98,85.17 3 0
github.com/rawagner/cluster-templates-operator/controllers/clustertemplateinstance_controller.go:85.17,87.4 1 0
github.com/rawagner/cluster-templates-operator/controllers/clustertemplateinstance_controller.go:90.45,94.17 4 0
github.com/rawagner/cluster-templates-operator/controllers/clustertemplateinstance_controller.go:98.3,101.17 3 0
github.com/rawagner/cluster-templates-operator/controllers/clustertemplateinstance_controller.go:105.3,106.44 2 0
github.com/rawagner/cluster-templates-operator/controllers/clustertemplateinstance_controller.go:113.3,122.17 4 0
github.com/rawagner/cluster-templates-operator/controllers/clustertemplateinstance_controller.go:94.17,96.4 1 0
github.com/rawagner/cluster-templates-operator/controllers/clustertemplateinstance_controller.go:101.17,103.4 1 0
github.com/rawagner/cluster-templates-operator/controllers/clustertemplateinstance_controller.go:106.44,107.62 1 0
github.com/rawagner/cluster-templates-operator/controllers/clustertemplateinstance_controller.go:107.62,109.10 2 0
github.com/rawagner/cluster-templates-operator/controllers/clustertemplateinstance_controller.go:122.17,124.4 1 0
github.com/rawagner/cluster-templates-operator/controllers/clustertemplateinstance_controller.go:134.16,136.3 1 0
github.com/rawagner/cluster-templates-operator/controllers/clustertemplateinstance_controller.go:141.36,144.17 3 0
github.com/rawagner/cluster-templates-operator/controllers/clustertemplateinstance_controller.go:147.3,147.41 1 0
github.com/rawagner/cluster-templates-operator/controllers/clustertemplateinstance_controller.go:144.17,146.4 1 0
github.com/rawagner/cluster-templates-operator/controllers/clustertemplateinstance_controller.go:147.41,151.18 3 0
github.com/rawagner/cluster-templates-operator/controllers/clustertemplateinstance_controller.go:155.4,161.18 3 0
github.com/rawagner/cluster-templates-operator/controllers/clustertemplateinstance_controller.go:151.18,153.5 1 0
github.com/rawagner/cluster-templates-operator/controllers/clustertemplateinstance_controller.go:161.18,163.5 1 0
github.com/rawagner/cluster-templates-operator/controllers/clustertemplateinstance_controller.go:163.10,172.19 4 0
github.com/rawagner/cluster-templates-operator/controllers/clustertemplateinstance_controller.go:172.19,174.6 1 0
github.com/rawagner/cluster-templates-operator/controllers/clustertemplateinstance_controller.go:174.11,178.6 3 0
github.com/rawagner/cluster-templates-operator/controllers/clustertemplateinstance_controller.go:187.16,189.3 1 0
github.com/rawagner/cluster-templates-operator/controllers/clustertemplateinstance_controller.go:197.86,201.2 1 0
